Arguments: 
  C:\Program Files\nodejs\node.exe C:\Users\Daniel Mac\AppData\Roaming\npm\node_modules\yarn\bin\yarn.js run .\package.json

PATH: 
  C:\Program Files\Common Files\Oracle\Java\javapath;C:\Program Files (x86)\Common Files\Oracle\Java\javapath;C:\WINDOWS\system32;C:\WINDOWS;C:\WINDOWS\System32\Wbem;C:\WINDOWS\System32\WindowsPowerShell\v1.0\;C:\WINDOWS\System32\OpenSSH\;C:\Program Files (x86)\Intel\OpenCL SDK\2.0\bin\x86;C:\Program Files (x86)\Intel\OpenCL SDK\2.0\bin\x64;C:\ProgramData\chocolatey\bin;C:\Program Files\PuTTY\;C:\Program Files\Git\cmd;C:\Program Files\nodejs\;C:\RailsInstaller\Git\cmd;C:\RailsInstaller\Ruby2.3.3\bin;C:\Users\Daniel Mac\AppData\Local\Programs\Python\Python311\Scripts\;C:\Users\Daniel Mac\AppData\Local\Programs\Python\Python311\;C:\Users\Daniel Mac\AppData\Local\Microsoft\WindowsApps;;C:\Program Files\JetBrains\PyCharm Community Edition 2022.2.4\bin;;C:\Users\Daniel Mac\AppData\Local\Programs\Microsoft VS Code\bin;C:\Users\Daniel Mac\AppData\Roaming\npm

Yarn version: 
  1.22.19

Node version: 
  19.1.0

Platform: 
  win32 x64

Trace: 
  SyntaxError: C:\Users\Daniel Mac\Documents\Est_NLP\package.json: Unexpected end of JSON input
      at JSON.parse (<anonymous>)
      at C:\Users\Daniel Mac\AppData\Roaming\npm\node_modules\yarn\lib\cli.js:1629:59
      at Generator.next (<anonymous>)
      at step (C:\Users\Daniel Mac\AppData\Roaming\npm\node_modules\yarn\lib\cli.js:310:30)
      at C:\Users\Daniel Mac\AppData\Roaming\npm\node_modules\yarn\lib\cli.js:321:13

npm manifest: 
  

yarn manifest: 
  No manifest

Lockfile: 
  yarn dlx cowsay 'bom dia'
